#
# A fatal error has been detected by the Java Runtime Environment:
#
#  SIGFPE (0x8) at pc=0x00007ff806d9a97a, pid=4201, tid=0x0000000000000103
#
# JRE version: OpenJDK Runtime Environment (8.0_342-b07) (build 1.8.0_342-b07)
# Java VM: OpenJDK 64-Bit Server VM (25.342-b07 mixed mode bsd-amd64 compressed oops)
# Problematic frame:
# C  [libsystem_kernel.dylib+0x197a]  mach_msg_trap+0xa
#
# Failed to write core dump. Core dumps have been disabled. To enable core dumping, try "ulimit -c unlimited" before starting Java again
#
# If you would like to submit a bug report, please visit:
#   https://github.com/corretto/corretto-8/issues/
#

---------------  T H R E A D  ---------------

Current thread is native thread

siginfo: si_signo: 8 (SIGFPE), si_code: 0 (unknown), si_addr: 0x00007ff806d9a97a

Registers:
RAX=0x0000000010004005, RBX=0x0000000000000c00, RCX=0x00007ff7b1413038, RDX=0x0000000000000000
RSP=0x00007ff7b1413038, RBP=0x00007ff7b1413090, RSI=0x0000000007000806, RDI=0x00007ff7b1413220
R8 =0x0000000000000a03, R9 =0x00000000ffffffff, R10=0x0000000000000c00, R11=0x0000000000000206
R12=0x0000000000000a03, R13=0x00007ff7b1413220, R14=0x0000000000000000, R15=0x0000000007000806
RIP=0x00007ff806d9a97a, EFLAGS=0x0000000000000206, ERR=0x000000000100001f
  TRAPNO=0x0000000000000085

Top of Stack: (sp=0x00007ff7b1413038)
0x00007ff7b1413038:   00007ff806d9ace8 0000000000000000
0x00007ff7b1413048:   00000000ffffffff 00007ff707000806
0x00007ff7b1413058:   00007ff7b1413220 ffffffff00000000
0x00007ff7b1413068:   0000600000d28000 0000000000000a03
0x00007ff7b1413078:   00007ff7b1413220 0000600000a28000
0x00007ff7b1413088:   00007ff7b1413198 00007ff7b1413110
0x00007ff7b1413098:   00007ff806e9e39d 0000600000000000
0x00007ff7b14130a8:   0000000000000000 00007ff7b14131a8
0x00007ff7b14130b8:   00007ff7b1413194 0700080606ab6000
0x00007ff7b14130c8:   0000000000000000 00007ff7b14131a0
0x00007ff7b14130d8:   00000000ffffffff 00000a03ffffffff
0x00007ff7b14130e8:   0000000000000000 0000000000000a03
0x00007ff7b14130f8:   00000000ffffffff 0000600000a28000
0x00007ff7b1413108:   0000600000d28000 00007ff7b1413e50
0x00007ff7b1413118:   00007ff806e9ca28 0000600000a28000
0x00007ff7b1413128:   0000600000d28000 00007ff7b1413198
0x00007ff7b1413138:   0000000000000b03 0000600000d280b8
0x00007ff7b1413148:   00007ff84993bd70 0000000000000c03
0x00007ff7b1413158:   0000000000000000 4415af1d78b58c00
0x00007ff7b1413168:   ffffffffffffffff 0000600000d28010
0x00007ff7b1413178:   0000600000a28010 0000000000000b03
0x00007ff7b1413188:   41c44ad467a1deb5 0000000000000c03
0x00007ff7b1413198:   00007ff7b1413220 0000000000000000
0x00007ff7b14131a8:   ffffffffffffffff 00000000000000fa
0x00007ff7b14131b8:   000000010eb0d060 00007ff7b14150e0
0x00007ff7b14131c8:   00000001153d6436 000000010eae9000
0x00007ff7b14131d8:   00007ff81dc3f000 00007ff809897000
0x00007ff7b14131e8:   00007ff80cdae000 00007ff807c9a000
0x00007ff7b14131f8:   00007ff811bd0000 00007ff80a727000
0x00007ff7b1413208:   00007ff817b41000 00007ff80fe24000
0x00007ff7b1413218:   00007ff8139d7000 00000c0000000000
0x00007ff7b1413228:   00000a0300000000 000000000a9b6000 

Instructions: (pc=0x00007ff806d9a97a)
0x00007ff806d9a95a:   ca b8 1c 00 00 01 0f 05 c3 90 49 89 ca b8 1d 00
0x00007ff806d9a96a:   00 01 0f 05 c3 90 49 89 ca b8 1f 00 00 01 0f 05
0x00007ff806d9a97a:   c3 90 49 89 ca b8 20 00 00 01 0f 05 c3 90 49 89
0x00007ff806d9a98a:   ca b8 21 00 00 01 0f 05 c3 90 49 89 ca b8 22 00 

Register to memory mapping:

RAX=0x0000000010004005 is an unknown value
RBX=0x0000000000000c00 is an unknown value
RCX=0x00007ff7b1413038 is an unknown value
RDX=0x0000000000000000 is an unknown value
RSP=0x00007ff7b1413038 is an unknown value
RBP=0x00007ff7b1413090 is an unknown value
RSI=0x0000000007000806 is an unknown value
RDI=0x00007ff7b1413220 is an unknown value
R8 =0x0000000000000a03 is an unknown value
R9 =0x00000000ffffffff is an unknown value
R10=0x0000000000000c00 is an unknown value
R11=0x0000000000000206 is an unknown value
R12=0x0000000000000a03 is an unknown value
R13=0x00007ff7b1413220 is an unknown value
R14=0x0000000000000000 is an unknown value
R15=0x0000000007000806 is an unknown value


Stack: [0x00007ff7b0c17000,0x00007ff7b1417000],  sp=0x00007ff7b1413038,  free space=8176k
Native frames: (J=compiled Java code, j=interpreted, Vv=VM code, C=native code)
C  [libsystem_kernel.dylib+0x197a]  mach_msg_trap+0xa
C  [CoreFoundation+0x8039d]  __CFRunLoopServiceMachPort+0x13f
C  [CoreFoundation+0x7ea28]  __CFRunLoopRun+0x4fc
C  [CoreFoundation+0x7de6c]  CFRunLoopRunSpecific+0x232
C  [java+0x8625]  CreateExecutionEnvironment+0x355
C  [java+0x4d9f]  JLI_Launch+0x70f
C  [java+0xae63]  main+0x46
C  0x00000001153d552e


---------------  P R O C E S S  ---------------

VM state:not at safepoint (normal execution)

VM Mutex/Monitor currently owned by a thread: None

heap address: 0x00000006c0000000, size: 4096 MB, Compressed Oops mode: Zero based, Oop shift amount: 3
Narrow klass base: 0x0000000000000000, Narrow klass shift: 3
Compressed class space size: 1073741824 Address: 0x00000007c0000000

Heap:
 PSYoungGen      total 215552K, used 31589K [0x000000076ab00000, 0x000000077c000000, 0x00000007c0000000)
  eden space 204800K, 15% used [0x000000076ab00000,0x000000076c9d94b0,0x0000000777300000)
  from space 10752K, 0% used [0x000000077b580000,0x000000077b580000,0x000000077c000000)
  to   space 10752K, 0% used [0x000000077ab00000,0x000000077ab00000,0x000000077b580000)
 ParOldGen       total 142848K, used 19730K [0x00000006c0000000, 0x00000006c8b80000, 0x000000076ab00000)
  object space 142848K, 13% used [0x00000006c0000000,0x00000006c1344b60,0x00000006c8b80000)
 Metaspace       used 35501K, capacity 37812K, committed 38016K, reserved 1083392K
  class space    used 4466K, capacity 4905K, committed 4992K, reserved 1048576K

Card table byte_map: [0x000000010f0df000,0x000000010f8e0000] byte_map_base: 0x000000010badf000

Marking Bits: (ParMarkBitMap*) 0x00000001100f7c58
 Begin Bits: [0x0000000124488000, 0x0000000128488000)
 End Bits:   [0x0000000128488000, 0x000000012c488000)

Polling page: 0x000000010ec35000

CodeCache: size=245760Kb used=6775Kb max_used=6775Kb free=238985Kb
 bounds [0x0000000115488000, 0x0000000115b28000, 0x0000000124488000]
 total_blobs=3701 nmethods=3252 adapters=362
 compilation: enabled

Compilation events (10 events):
Event: 111.363 Thread 0x00007fd450885800 3247       1       java.util.concurrent.ConcurrentHashMap$KeySetView::iterator (34 bytes)
Event: 111.364 Thread 0x00007fd450885800 nmethod 3247 0x0000000115b245d0 code [0x0000000115b24740, 0x0000000115b24978]
Event: 111.364 Thread 0x00007fd450885800 3248       1       java.util.concurrent.ConcurrentHashMap$KeyIterator::<init> (12 bytes)
Event: 111.364 Thread 0x00007fd450885800 nmethod 3248 0x0000000115b24b10 code [0x0000000115b24c80, 0x0000000115b24df8]
Event: 112.361 Thread 0x00007fd450885800 3249       1       java.util.concurrent.locks.ReentrantLock$Sync::isHeldExclusively (16 bytes)
Event: 112.361 Thread 0x00007fd450885800 nmethod 3249 0x0000000115b24ed0 code [0x0000000115b25020, 0x0000000115b25150]
Event: 113.362 Thread 0x00007fd450885800 3250       1       java.util.concurrent.locks.AbstractQueuedSynchronizer$ConditionObject::signal (33 bytes)
Event: 113.363 Thread 0x00007fd450885800 nmethod 3250 0x0000000115b25190 code [0x0000000115b25320, 0x0000000115b25528]
Event: 122.748 Thread 0x00007fd450885800 3251       1       java.util.Date::<init> (8 bytes)
Event: 122.748 Thread 0x00007fd450885800 nmethod 3251 0x0000000115b25610 code [0x0000000115b25760, 0x0000000115b25870]

GC Heap History (10 events):
Event: 0.825 GC heap before
{Heap before GC invocations=2 (full 0):
 PSYoungGen      total 76288K, used 75795K [0x000000076ab00000, 0x0000000774000000, 0x00000007c0000000)
  eden space 65536K, 100% used [0x000000076ab00000,0x000000076eb00000,0x000000076eb00000)
  from space 10752K, 95% used [0x000000076eb00000,0x000000076f504e08,0x000000076f580000)
  to   space 10752K, 0% used [0x0000000773580000,0x0000000773580000,0x0000000774000000)
 ParOldGen       total 175104K, used 16K [0x00000006c0000000, 0x00000006cab00000, 0x000000076ab00000)
  object space 175104K, 0% used [0x00000006c0000000,0x00000006c0004000,0x00000006cab00000)
 Metaspace       used 19502K, capacity 20554K, committed 20736K, reserved 1067008K
  class space    used 2584K, capacity 2815K, committed 2816K, reserved 1048576K
Event: 0.831 GC heap after
Heap after GC invocations=2 (full 0):
 PSYoungGen      total 141824K, used 10736K [0x000000076ab00000, 0x0000000774000000, 0x00000007c0000000)
  eden space 131072K, 0% used [0x000000076ab00000,0x000000076ab00000,0x0000000772b00000)
  from space 10752K, 99% used [0x0000000773580000,0x0000000773ffc2b8,0x0000000774000000)
  to   space 10752K, 0% used [0x0000000772b00000,0x0000000772b00000,0x0000000773580000)
 ParOldGen       total 175104K, used 580K [0x00000006c0000000, 0x00000006cab00000, 0x000000076ab00000)
  object space 175104K, 0% used [0x00000006c0000000,0x00000006c0091248,0x00000006cab00000)
 Metaspace       used 19502K, capacity 20554K, committed 20736K, reserved 1067008K
  class space    used 2584K, capacity 2815K, committed 2816K, reserved 1048576K
}
Event: 0.876 GC heap before
{Heap before GC invocations=3 (full 0):
 PSYoungGen      total 141824K, used 19218K [0x000000076ab00000, 0x0000000774000000, 0x00000007c0000000)
  eden space 131072K, 6% used [0x000000076ab00000,0x000000076b348648,0x0000000772b00000)
  from space 10752K, 99% used [0x0000000773580000,0x0000000773ffc2b8,0x0000000774000000)
  to   space 10752K, 0% used [0x0000000772b00000,0x0000000772b00000,0x0000000773580000)
 ParOldGen       total 175104K, used 580K [0x00000006c0000000, 0x00000006cab00000, 0x000000076ab00000)
  object space 175104K, 0% used [0x00000006c0000000,0x00000006c0091248,0x00000006cab00000)
 Metaspace       used 20157K, capacity 21270K, committed 21296K, reserved 1067008K
  class space    used 2688K, capacity 2931K, committed 2944K, reserved 1048576K
Event: 0.880 GC heap after
Heap after GC invocations=3 (full 0):
 PSYoungGen      total 141824K, used 6773K [0x000000076ab00000, 0x000000077c000000, 0x00000007c0000000)
  eden space 131072K, 0% used [0x000000076ab00000,0x000000076ab00000,0x0000000772b00000)
  from space 10752K, 63% used [0x0000000772b00000,0x000000077319d718,0x0000000773580000)
  to   space 10752K, 0% used [0x000000077b580000,0x000000077b580000,0x000000077c000000)
 ParOldGen       total 175104K, used 588K [0x00000006c0000000, 0x00000006cab00000, 0x000000076ab00000)
  object space 175104K, 0% used [0x00000006c0000000,0x00000006c0093248,0x00000006cab00000)
 Metaspace       used 20157K, capacity 21270K, committed 21296K, reserved 1067008K
  class space    used 2688K, capacity 2931K, committed 2944K, reserved 1048576K
}
Event: 0.880 GC heap before
{Heap before GC invocations=4 (full 1):
 PSYoungGen      total 141824K, used 6773K [0x000000076ab00000, 0x000000077c000000, 0x00000007c0000000)
  eden space 131072K, 0% used [0x000000076ab00000,0x000000076ab00000,0x0000000772b00000)
  from space 10752K, 63% used [0x0000000772b00000,0x000000077319d718,0x0000000773580000)
  to   space 10752K, 0% used [0x000000077b580000,0x000000077b580000,0x000000077c000000)
 ParOldGen       total 175104K, used 588K [0x00000006c0000000, 0x00000006cab00000, 0x000000076ab00000)
  object space 175104K, 0% used [0x00000006c0000000,0x00000006c0093248,0x00000006cab00000)
 Metaspace       used 20157K, capacity 21270K, committed 21296K, reserved 1067008K
  class space    used 2688K, capacity 2931K, committed 2944K, reserved 1048576K
Event: 0.899 GC heap after
Heap after GC invocations=4 (full 1):
 PSYoungGen      total 141824K, used 0K [0x000000076ab00000, 0x000000077c000000, 0x00000007c0000000)
  eden space 131072K, 0% used [0x000000076ab00000,0x000000076ab00000,0x0000000772b00000)
  from space 10752K, 0% used [0x0000000772b00000,0x0000000772b00000,0x0000000773580000)
  to   space 10752K, 0% used [0x000000077b580000,0x000000077b580000,0x000000077c000000)
 ParOldGen       total 97792K, used 6591K [0x00000006c0000000, 0x00000006c5f80000, 0x000000076ab00000)
  object space 97792K, 6% used [0x00000006c0000000,0x00000006c066fd38,0x00000006c5f80000)
 Metaspace       used 20157K, capacity 21270K, committed 21296K, reserved 1067008K
  class space    used 2688K, capacity 2931K, committed 2944K, reserved 1048576K
}
Event: 16.057 GC heap before
{Heap before GC invocations=5 (full 1):
 PSYoungGen      total 141824K, used 107411K [0x000000076ab00000, 0x000000077c000000, 0x00000007c0000000)
  eden space 131072K, 81% used [0x000000076ab00000,0x00000007713e4da8,0x0000000772b00000)
  from space 10752K, 0% used [0x0000000772b00000,0x0000000772b00000,0x0000000773580000)
  to   space 10752K, 0% used [0x000000077b580000,0x000000077b580000,0x000000077c000000)
 ParOldGen       total 97792K, used 6591K [0x00000006c0000000, 0x00000006c5f80000, 0x000000076ab00000)
  object space 97792K, 6% used [0x00000006c0000000,0x00000006c066fd38,0x00000006c5f80000)
 Metaspace       used 33071K, capacity 35370K, committed 35456K, reserved 1079296K
  class space    used 4253K, capacity 4711K, committed 4736K, reserved 1048576K
Event: 16.066 GC heap after
Heap after GC invocations=5 (full 1):
 PSYoungGen      total 215552K, used 10736K [0x000000076ab00000, 0x000000077c000000, 0x00000007c0000000)
  eden space 204800K, 0% used [0x000000076ab00000,0x000000076ab00000,0x0000000777300000)
  from space 10752K, 99% used [0x000000077b580000,0x000000077bffc240,0x000000077c000000)
  to   space 10752K, 0% used [0x000000077ab00000,0x000000077ab00000,0x000000077b580000)
 ParOldGen       total 97792K, used 11195K [0x00000006c0000000, 0x00000006c5f80000, 0x000000076ab00000)
  object space 97792K, 11% used [0x00000006c0000000,0x00000006c0aeec10,0x00000006c5f80000)
 Metaspace       used 33071K, capacity 35370K, committed 35456K, reserved 1079296K
  class space    used 4253K, capacity 4711K, committed 4736K, reserved 1048576K
}
Event: 16.066 GC heap before
{Heap before GC invocations=6 (full 2):
 PSYoungGen      total 215552K, used 10736K [0x000000076ab00000, 0x000000077c000000, 0x00000007c0000000)
  eden space 204800K, 0% used [0x000000076ab00000,0x000000076ab00000,0x0000000777300000)
  from space 10752K, 99% used [0x000000077b580000,0x000000077bffc240,0x000000077c000000)
  to   space 10752K, 0% used [0x000000077ab00000,0x000000077ab00000,0x000000077b580000)
 ParOldGen       total 97792K, used 11195K [0x00000006c0000000, 0x00000006c5f80000, 0x000000076ab00000)
  object space 97792K, 11% used [0x00000006c0000000,0x00000006c0aeec10,0x00000006c5f80000)
 Metaspace       used 33071K, capacity 35370K, committed 35456K, reserved 1079296K
  class space    used 4253K, capacity 4711K, committed 4736K, reserved 1048576K
Event: 16.123 GC heap after
Heap after GC invocations=6 (full 2):
 PSYoungGen      total 215552K, used 0K [0x000000076ab00000, 0x000000077c000000, 0x00000007c0000000)
  eden space 204800K, 0% used [0x000000076ab00000,0x000000076ab00000,0x0000000777300000)
  from space 10752K, 0% used [0x000000077b580000,0x000000077b580000,0x000000077c000000)
  to   space 10752K, 0% used [0x000000077ab00000,0x000000077ab00000,0x000000077b580000)
 ParOldGen       total 142848K, used 19730K [0x00000006c0000000, 0x00000006c8b80000, 0x000000076ab00000)
  object space 142848K, 13% used [0x00000006c0000000,0x00000006c1344b60,0x00000006c8b80000)
 Metaspace       used 33071K, capacity 35370K, committed 35456K, reserved 1079296K
  class space    used 4253K, capacity 4711K, committed 4736K, reserved 1048576K
}

Deoptimization events (0 events):
No events

Classes redefined (0 events):
No events

Internal exceptions (10 events):
Event: 1.217 Thread 0x00007fd4548d4800 Exception <a 'java/lang/ClassNotFoundException': org/springframework/boot/autoconfigure/web/servlet/WebMvcAutoConfiguration$EnableWebMvcConfigurationCustomizer> (0x000000076d9af7a0) thrown at [/Users/ec2-user/workspace/Corretto8/macos/x64/build/Corretto8S
Event: 1.218 Thread 0x00007fd4548d4800 Exception <a 'java/lang/ClassNotFoundException': org/springframework/context/ResourceLoaderAwareCustomizer> (0x000000076d9d3508) thrown at [/Users/ec2-user/workspace/Corretto8/macos/x64/build/Corretto8Src/installers/mac/tar/corretto-build/buildRoot/hotspo
Event: 1.218 Thread 0x00007fd4548d4800 Exception <a 'java/lang/ClassNotFoundException': org/springframework/beans/factory/AwareCustomizer> (0x000000076d9e3890) thrown at [/Users/ec2-user/workspace/Corretto8/macos/x64/build/Corretto8Src/installers/mac/tar/corretto-build/buildRoot/hotspot/src/sh
Event: 1.218 Thread 0x00007fd4548d4800 Exception <a 'java/lang/ClassNotFoundException': org/springframework/context/ApplicationContextAwareCustomizer> (0x000000076d9f5480) thrown at [/Users/ec2-user/workspace/Corretto8/macos/x64/build/Corretto8Src/installers/mac/tar/corretto-build/buildRoot/ho
Event: 1.219 Thread 0x00007fd4548d4800 Exception <a 'java/lang/ClassNotFoundException': org/springframework/beans/factory/AwareCustomizer> (0x000000076da05e20) thrown at [/Users/ec2-user/workspace/Corretto8/macos/x64/build/Corretto8Src/installers/mac/tar/corretto-build/buildRoot/hotspot/src/sh
Event: 1.219 Thread 0x00007fd4548d4800 Exception <a 'java/lang/ClassNotFoundException': org/springframework/web/context/ServletContextAwareCustomizer> (0x000000076da17980) thrown at [/Users/ec2-user/workspace/Corretto8/macos/x64/build/Corretto8Src/installers/mac/tar/corretto-build/buildRoot/ho
Event: 1.219 Thread 0x00007fd4548d4800 Exception <a 'java/lang/ClassNotFoundException': org/springframework/beans/factory/AwareCustomizer> (0x000000076da27d80) thrown at [/Users/ec2-user/workspace/Corretto8/macos/x64/build/Corretto8Src/installers/mac/tar/corretto-build/buildRoot/hotspot/src/sh
Event: 1.297 Thread 0x00007fd4548d4800 Exception <a 'java/lang/NoSuchMethodError': java.lang.Object.lambda$thenComparing$36697e65$1(Ljava/util/Comparator;Ljava/lang/Object;Ljava/lang/Object;)I> (0x000000076e706618) thrown at [/Users/ec2-user/workspace/Corretto8/macos/x64/build/Corretto8Src/ins
Event: 1.311 Thread 0x00007fd4548d4800 Exception <a 'java/lang/IncompatibleClassChangeError': Found class java.lang.Object, but interface was expected> (0x000000076e8a0b18) thrown at [/Users/ec2-user/workspace/Corretto8/macos/x64/build/Corretto8Src/installers/mac/tar/corretto-build/buildRoot/h
Event: 16.055 Thread 0x00007fd4502e0800 Exception <a 'java/lang/ArrayIndexOutOfBoundsException': 5151> (0x000000077136bea8) thrown at [/Users/ec2-user/workspace/Corretto8/macos/x64/build/Corretto8Src/installers/mac/tar/corretto-build/buildRoot/hotspot/src/share/vm/interpreter/interpreterRuntime

Events (10 events):
Event: 72.281 loading class java/io/InterruptedIOException done
Event: 72.281 loading class java/net/SocketTimeoutException done
Event: 72.281 Executing VM operation: RevokeBias
Event: 72.281 Executing VM operation: RevokeBias done
Event: 72.282 Executing VM operation: RevokeBias
Event: 72.282 Executing VM operation: RevokeBias done
Event: 72.282 Executing VM operation: RevokeBias
Event: 72.282 Executing VM operation: RevokeBias done
Event: 76.285 Executing VM operation: RevokeBias
Event: 76.285 Executing VM operation: RevokeBias done


Dynamic libraries:
0x00007ff81dc3f000 	/System/Library/Frameworks/Cocoa.framework/Versions/A/Cocoa
0x00007ff809897000 	/System/Library/Frameworks/AppKit.framework/Versions/C/AppKit
0x00007ff80cdae000 	/System/Library/Frameworks/CoreData.framework/Versions/A/CoreData
0x00007ff807c9a000 	/System/Library/Frameworks/Foundation.framework/Versions/C/Foundation
0x00007ff811bd0000 	/usr/lib/libSystem.B.dylib
0x00007ff80a727000 	/System/Library/PrivateFrameworks/UIFoundation.framework/Versions/A/UIFoundation
0x00007ff817b41000 	/System/Library/PrivateFrameworks/RemoteViewServices.framework/Versions/A/RemoteViewServices
0x00007ff80fe24000 	/System/Library/PrivateFrameworks/XCTTargetBootstrap.framework/Versions/A/XCTTargetBootstrap
0x00007ff8139d7000 	/System/Library/PrivateFrameworks/InternationalSupport.framework/Versions/A/InternationalSupport
0x00007ff813a61000 	/System/Library/PrivateFrameworks/UserActivity.framework/Versions/A/UserActivity
0x00007ff812db7000 	/usr/lib/libspindump.dylib
0x00007ff80a9b6000 	/System/Library/Frameworks/UniformTypeIdentifiers.framework/Versions/A/UniformTypeIdentifiers
0x00007ff80e548000 	/usr/lib/libapp_launch_measurement.dylib
0x00007ff80d780000 	/System/Library/PrivateFrameworks/CoreAnalytics.framework/Versions/A/CoreAnalytics
0x00007ff80e54b000 	/System/Library/PrivateFrameworks/CoreAutoLayout.framework/Versions/A/CoreAutoLayout
0x00007ff80f77b000 	/System/Library/Frameworks/Metal.framework/Versions/A/Metal
0x00007ff8104aa000 	/usr/lib/liblangid.dylib
0x00007ff80fe29000 	/System/Library/PrivateFrameworks/CoreSVG.framework/Versions/A/CoreSVG
0x00007ff80bda2000 	/System/Library/PrivateFrameworks/SkyLight.framework/Versions/A/SkyLight
0x00007ff80c141000 	/System/Library/Frameworks/CoreGraphics.framework/Versions/A/CoreGraphics
0x00007ff818201000 	/System/Library/Frameworks/Accelerate.framework/Versions/A/Accelerate
0x00007ff812836000 	/System/Library/PrivateFrameworks/IconServices.framework/Versions/A/IconServices
0x00007ff80f760000 	/System/Library/Frameworks/IOSurface.framework/Versions/A/IOSurface
0x00007ff80d7ae000 	/usr/lib/libDiagnosticMessagesClient.dylib
0x00007ff811af0000 	/usr/lib/libz.1.dylib
0x00007ff81b8e3000 	/System/Library/Frameworks/ApplicationServices.framework/Versions/A/ApplicationServices
0x00007ff80fe10000 	/System/Library/PrivateFrameworks/DFRFoundation.framework/Versions/A/DFRFoundation
0x00007ff80917f000 	/usr/lib/libicucore.A.dylib
0x00007ff8147cd000 	/System/Library/Frameworks/AudioToolbox.framework/Versions/A/AudioToolbox
0x00007ff8139e3000 	/System/Library/PrivateFrameworks/DataDetectorsCore.framework/Versions/A/DataDetectorsCore
0x00007ff90fee1000 	/System/Library/PrivateFrameworks/TextInput.framework/Versions/A/TextInput
0x00007ff80bd25000 	/usr/lib/libMobileGestalt.dylib
0x00007ff80fb1c000 	/System/Library/Frameworks/Carbon.framework/Versions/A/Frameworks/HIToolbox.framework/Versions/A/HIToolbox
0x00007ff80df4b000 	/System/Library/Frameworks/QuartzCore.framework/Versions/A/QuartzCore
0x00007ff808e24000 	/System/Library/Frameworks/Security.framework/Versions/A/Security
0x00007ff817b79000 	/System/Library/Frameworks/Carbon.framework/Versions/A/Frameworks/SpeechRecognition.framework/Versions/A/SpeechRecognition
0x00007ff80e2a8000 	/System/Library/PrivateFrameworks/CoreUI.framework/Versions/A/CoreUI
0x00007ff8086ee000 	/System/Library/Frameworks/CoreAudio.framework/Versions/A/CoreAudio
0x00007ff80d89d000 	/System/Library/Frameworks/DiskArbitration.framework/Versions/A/DiskArbitration
0x00007ff8131a5000 	/System/Library/PrivateFrameworks/MultitouchSupport.framework/Versions/A/MultitouchSupport
0x00007ff80bd24000 	/usr/lib/libenergytrace.dylib
0x00007ff809783000 	/System/Library/Frameworks/IOKit.framework/Versions/A/IOKit
0x00007ff817f69000 	/System/Library/Frameworks/CoreServices.framework/Versions/A/CoreServices
0x00007ff80e4e2000 	/System/Library/PrivateFrameworks/PerformanceAnalysis.framework/Versions/A/PerformanceAnalysis
0x00007ffa1fbc3000 	/System/Library/Frameworks/OpenGL.framework/Versions/A/OpenGL
0x00007ff81110c000 	/System/Library/PrivateFrameworks/MobileKeyBag.framework/Versions/A/MobileKeyBag
0x00007ff806c64000 	/usr/lib/libobjc.A.dylib
0x00007ff80c80d000 	/System/Library/Frameworks/ColorSync.framework/Versions/A/ColorSync
0x00007ff806e1e000 	/System/Library/Frameworks/CoreFoundation.framework/Versions/A/CoreFoundation
0x00007ff8100a0000 	/System/Library/Frameworks/CoreImage.framework/Versions/A/CoreImage
0x00007ff808502000 	/System/Library/Frameworks/CoreText.framework/Versions/A/CoreText
0x00007ff80fe59000 	/System/Library/Frameworks/ImageIO.framework/Versions/A/ImageIO
0x00007ff811bd6000 	/System/Library/PrivateFrameworks/SoftLinking.framework/Versions/A/SoftLinking
0x00007ff80e593000 	/usr/lib/libxml2.2.dylib
0x00007ff806d2a000 	/usr/lib/libc++.1.dylib
0x00007ff811e5a000 	/usr/lib/libcompression.dylib
0x00007ff81390a000 	/System/Library/PrivateFrameworks/TextureIO.framework/Versions/A/TextureIO
0x00007ff812548000 	/usr/lib/libate.dylib
0x00007ff811bcb000 	/usr/lib/system/libcache.dylib
0x00007ff811b87000 	/usr/lib/system/libcommonCrypto.dylib
0x00007ff811bb0000 	/usr/lib/system/libcompiler_rt.dylib
0x00007ff811ba6000 	/usr/lib/system/libcopyfile.dylib
0x00007ff806b5f000 	/usr/lib/system/libcorecrypto.dylib
0x00007ff806c1d000 	/usr/lib/system/libdispatch.dylib
0x00007ff806ddd000 	/usr/lib/system/libdyld.dylib
0x00007ff811bc2000 	/usr/lib/system/libkeymgr.dylib
0x00007ff811b65000 	/usr/lib/system/libmacho.dylib
0x00007ff8111e6000 	/usr/lib/system/libquarantine.dylib
0x00007ff811bc0000 	/usr/lib/system/libremovefile.dylib
0x00007ff80bd72000 	/usr/lib/system/libsystem_asl.dylib
0x00007ff806b08000 	/usr/lib/system/libsystem_blocks.dylib
0x00007ff806ca1000 	/usr/lib/system/libsystem_c.dylib
0x00007ff811bb8000 	/usr/lib/system/libsystem_collections.dylib
0x00007ff81049a000 	/usr/lib/system/libsystem_configuration.dylib
0x00007ff80f743000 	/usr/lib/system/libsystem_containermanager.dylib
0x00007ff81189d000 	/usr/lib/system/libsystem_coreservices.dylib
0x00007ff809413000 	/usr/lib/system/libsystem_darwin.dylib
0x00007ff811bc3000 	/usr/lib/system/libsystem_dnssd.dylib
0x00007ff806c9e000 	/usr/lib/system/libsystem_featureflags.dylib
0x00007ff806df3000 	/usr/lib/system/libsystem_info.dylib
0x00007ff811b03000 	/usr/lib/system/libsystem_m.dylib
0x00007ff806bf1000 	/usr/lib/system/libsystem_malloc.dylib
0x00007ff80bd0d000 	/usr/lib/system/libsystem_networkextension.dylib
0x00007ff809839000 	/usr/lib/system/libsystem_notify.dylib
0x00007ff817e3e000 	/usr/lib/system/libsystem_product_info_filter.dylib
0x00007ff81049e000 	/usr/lib/system/libsystem_sandbox.dylib
0x00007ff811bbd000 	/usr/lib/system/libsystem_secinit.dylib
0x00007ff806d99000 	/usr/lib/system/libsystem_kernel.dylib
0x00007ff806de9000 	/usr/lib/system/libsystem_platform.dylib
0x00007ff806dd1000 	/usr/lib/system/libsystem_pthread.dylib
0x00007ff80d5c0000 	/usr/lib/system/libsystem_symptoms.dylib
0x00007ff806b46000 	/usr/lib/system/libsystem_trace.dylib
0x00007ff811b93000 	/usr/lib/system/libunwind.dylib
0x00007ff806b0a000 	/usr/lib/system/libxpc.dylib
0x00007ff806d83000 	/usr/lib/libc++abi.dylib
0x00007ff811b9e000 	/usr/lib/liboah.dylib
0x00007ff812324000 	/usr/lib/liblzma.5.dylib
0x00007ff8079ac000 	/System/Library/Frameworks/SystemConfiguration.framework/Versions/A/SystemConfiguration
0x00007ff811bd2000 	/usr/lib/libfakelink.dylib
0x00007ff80b87d000 	/System/Library/Frameworks/CFNetwork.framework/Versions/A/CFNetwork
0x00007ff811d13000 	/usr/lib/libarchive.2.dylib
0x00007ff8104a6000 	/System/Library/PrivateFrameworks/AppleSystemInfo.framework/Versions/A/AppleSystemInfo
0x00007ff81120d000 	/usr/lib/libbsm.0.dylib
0x00007ff80ae8c000 	/usr/lib/libnetwork.dylib
0x00007ff811b6b000 	/usr/lib/system/libkxld.dylib
0x00007ff810e40000 	/System/Library/PrivateFrameworks/IOMobileFramebuffer.framework/Versions/A/IOMobileFramebuffer
0x00007ffb1f58d000 	/usr/lib/libCoreEntitlements.dylib
0x00007ff81187f000 	/System/Library/PrivateFrameworks/AppleFSCompression.framework/Versions/A/AppleFSCompression
0x00007ff8111f5000 	/usr/lib/libcoretls.dylib
0x00007ff81233e000 	/usr/lib/libcoretls_cfhelpers.dylib
0x00007ff811e55000 	/usr/lib/libpam.2.dylib
0x00007ff80d1df000 	/usr/lib/libsqlite3.dylib
0x00007ff8123ad000 	/usr/lib/libxar.1.dylib
0x00007ff81188f000 	/usr/lib/libbz2.1.0.dylib
0x00007ff811bd7000 	/usr/lib/libpcap.A.dylib
0x00007ff80d5b8000 	/usr/lib/libdns_services.dylib
0x00007ff811e25000 	/usr/lib/libapple_nghttp2.dylib
0x00007ff811c11000 	/usr/lib/libiconv.2.dylib
0x00007ff811b64000 	/usr/lib/libcharset.1.dylib
0x00007ff80e516000 	/System/Library/Frameworks/CoreServices.framework/Versions/A/Frameworks/FSEvents.framework/Versions/A/FSEvents
0x00007ff80941d000 	/System/Library/Frameworks/CoreServices.framework/Versions/A/Frameworks/CarbonCore.framework/Versions/A/CarbonCore
0x00007ff80d801000 	/System/Library/Frameworks/CoreServices.framework/Versions/A/Frameworks/Metadata.framework/Versions/A/Metadata
0x00007ff8118a2000 	/System/Library/Frameworks/CoreServices.framework/Versions/A/Frameworks/OSServices.framework/Versions/A/OSServices
0x00007ff811d9a000 	/System/Library/Frameworks/CoreServices.framework/Versions/A/Frameworks/SearchKit.framework/Versions/A/SearchKit
0x00007ff80d54a000 	/System/Library/Frameworks/CoreServices.framework/Versions/A/Frameworks/AE.framework/Versions/A/AE
0x00007ff807321000 	/System/Library/Frameworks/CoreServices.framework/Versions/A/Frameworks/LaunchServices.framework/Versions/A/LaunchServices
0x00007ff8122d5000 	/System/Library/Frameworks/CoreServices.framework/Versions/A/Frameworks/DictionaryServices.framework/Versions/A/DictionaryServices
0x00007ff80e523000 	/System/Library/Frameworks/CoreServices.framework/Versions/A/Frameworks/SharedFileList.framework/Versions/A/SharedFileList
0x00007ff8111e9000 	/usr/lib/libCheckFix.dylib
0x00007ff80bd89000 	/System/Library/PrivateFrameworks/TCC.framework/Versions/A/TCC
0x00007ff8104ac000 	/System/Library/PrivateFrameworks/CoreNLP.framework/Versions/A/CoreNLP
0x00007ff80d7b1000 	/System/Library/PrivateFrameworks/MetadataUtilities.framework/Versions/A/MetadataUtilities
0x00007ff807a5d000 	/usr/lib/libmecabra.dylib
0x00007ff81121d000 	/usr/lib/libmecab.dylib
0x00007ff807a28000 	/usr/lib/libCRFSuite.dylib
0x00007ff811277000 	/usr/lib/libgermantok.dylib
0x00007ff811e00000 	/usr/lib/libThaiTokenizer.dylib
0x00007ff80d8a4000 	/System/Library/Frameworks/Accelerate.framework/Versions/A/Frameworks/vImage.framework/Versions/A/vImage
0x00007ff817f40000 	/System/Library/Frameworks/Accelerate.framework/Versions/A/Frameworks/vecLib.framework/Versions/A/vecLib
0x00007ff8123ee000 	/System/Library/Frameworks/Accelerate.framework/Versions/A/Frameworks/vecLib.framework/Versions/A/libvMisc.dylib
0x00007ff810c6b000 	/System/Library/Frameworks/Accelerate.framework/Versions/A/Frameworks/vecLib.framework/Versions/A/libvDSP.dylib
0x00007ff80769c000 	/System/Library/Frameworks/Accelerate.framework/Versions/A/Frameworks/vecLib.framework/Versions/A/libBLAS.dylib
0x00007ff811f37000 	/System/Library/Frameworks/Accelerate.framework/Versions/A/Frameworks/vecLib.framework/Versions/A/libLAPACK.dylib
0x00007ff81127a000 	/System/Library/Frameworks/Accelerate.framework/Versions/A/Frameworks/vecLib.framework/Versions/A/libLinearAlgebra.dylib
0x00007ff811e3d000 	/System/Library/Frameworks/Accelerate.framework/Versions/A/Frameworks/vecLib.framework/Versions/A/libSparseBLAS.dylib
0x00007ff811f31000 	/System/Library/Frameworks/Accelerate.framework/Versions/A/Frameworks/vecLib.framework/Versions/A/libQuadrature.dylib
0x00007ff810597000 	/System/Library/Frameworks/Accelerate.framework/Versions/A/Frameworks/vecLib.framework/Versions/A/libBNNS.dylib
0x00007ff807936000 	/System/Library/Frameworks/Accelerate.framework/Versions/A/Frameworks/vecLib.framework/Versions/A/libSparse.dylib
0x00007ff810590000 	/System/Library/PrivateFrameworks/LinguisticData.framework/Versions/A/LinguisticData
0x00007ff8078ec000 	/System/Library/PrivateFrameworks/Lexicon.framework/Versions/A/Lexicon
0x00007ff8123e7000 	/usr/lib/libChineseTokenizer.dylib
0x00007ff808057000 	/System/Library/PrivateFrameworks/LanguageModeling.framework/Versions/A/LanguageModeling
0x00007ff811e02000 	/System/Library/PrivateFrameworks/AppleSauce.framework/Versions/A/AppleSauce
0x00007ff810e2e000 	/System/Library/PrivateFrameworks/CoreEmoji.framework/Versions/A/CoreEmoji
0x00007ff811d02000 	/usr/lib/libcmph.dylib
0x00007ff80e4fa000 	/System/Library/Frameworks/OpenDirectory.framework/Versions/A/Frameworks/CFOpenDirectory.framework/Versions/A/CFOpenDirectory
0x00007ff80e4ee000 	/System/Library/Frameworks/OpenDirectory.framework/Versions/A/OpenDirectory
0x00007ff812340000 	/System/Library/PrivateFrameworks/APFS.framework/Versions/A/APFS
0x00007ff811144000 	/System/Library/Frameworks/SecurityFoundation.framework/Versions/A/SecurityFoundation
0x00007ff8123bb000 	/usr/lib/libutil.dylib
0x00007ff809747000 	/System/Library/PrivateFrameworks/CoreServicesStore.framework/Versions/A/CoreServicesStore
0x00007ff8123bf000 	/usr/lib/libxslt.1.dylib
0x00007ff8111d1000 	/System/Library/PrivateFrameworks/BackgroundTaskManagement.framework/Versions/A/BackgroundTaskManagement
0x00007ff81382a000 	/System/Library/Frameworks/ImageIO.framework/Versions/A/Resources/libRadiance.dylib
0x00007ff813833000 	/System/Library/Frameworks/ImageIO.framework/Versions/A/Resources/libJPEG.dylib
0x00007ff813784000 	/System/Library/Frameworks/ImageIO.framework/Versions/A/Resources/libPng.dylib
0x00007ff8137a5000 	/System/Library/Frameworks/ImageIO.framework/Versions/A/Resources/libTIFF.dylib
0x00007ff813893000 	/System/Library/Frameworks/ImageIO.framework/Versions/A/Resources/libGIF.dylib
0x00007ff8130bf000 	/System/Library/Frameworks/ImageIO.framework/Versions/A/Resources/libJP2.dylib
0x00007ff8127fd000 	/usr/lib/libexpat.1.dylib
0x00007ff813074000 	/System/Library/PrivateFrameworks/AppleJPEG.framework/Versions/A/AppleJPEG
0x00007ff80f9e0000 	/System/Library/PrivateFrameworks/FontServices.framework/libFontParser.dylib
0x00007ff80d4f4000 	/System/Library/PrivateFrameworks/RunningBoardServices.framework/Versions/A/RunningBoardServices
0x00007ff81e1fa000 	/System/Library/PrivateFrameworks/IOSurfaceAccelerator.framework/Versions/A/IOSurfaceAccelerator
0x00007ff8131a1000 	/System/Library/PrivateFrameworks/WatchdogClient.framework/Versions/A/WatchdogClient
0x00007ff808145000 	/System/Library/Frameworks/CoreDisplay.framework/Versions/A/CoreDisplay
0x00007ff80f8de000 	/System/Library/Frameworks/CoreMedia.framework/Versions/A/CoreMedia
0x00007ff80f772000 	/System/Library/PrivateFrameworks/IOAccelerator.framework/Versions/A/IOAccelerator
0x00007ff80e677000 	/System/Library/Frameworks/CoreVideo.framework/Versions/A/CoreVideo
0x00007ff811e53000 	/System/Library/Frameworks/MetalPerformanceShaders.framework/Versions/A/MetalPerformanceShaders
0x00007ff8131de000 	/System/Library/Frameworks/VideoToolbox.framework/Versions/A/VideoToolbox
0x00007ff80d43e000 	/System/Library/PrivateFrameworks/BaseBoard.framework/Versions/A/BaseBoard
0x00007ff80d1c5000 	/System/Library/PrivateFrameworks/ProtocolBuffer.framework/Versions/A/ProtocolBuffer
0x00007ff813823000 	/System/Library/PrivateFrameworks/GPUWrangler.framework/Versions/A/GPUWrangler
0x00007ff813807000 	/System/Library/PrivateFrameworks/IOPresentment.framework/Versions/A/IOPresentment
0x00007ff81382d000 	/System/Library/PrivateFrameworks/DSExternalDisplay.framework/Versions/A/DSExternalDisplay
0x00007ffa1fbb7000 	/System/Library/Frameworks/OpenGL.framework/Versions/A/Libraries/libCoreFSCache.dylib
0x00007ffb0cc8e000 	/System/Library/PrivateFrameworks/GPUCompiler.framework/Versions/31001/Libraries/libGPUCompilerUtils.dylib
0x00007ff813898000 	/System/Library/PrivateFrameworks/CMCaptureCore.framework/Versions/A/CMCaptureCore
0x00007ff812da5000 	/System/Library/PrivateFrameworks/AppServerSupport.framework/Versions/A/AppServerSupport
0x00007ff815066000 	/System/Library/PrivateFrameworks/perfdata.framework/Versions/A/perfdata
0x00007ff808271000 	/System/Library/PrivateFrameworks/AudioToolboxCore.framework/Versions/A/AudioToolboxCore
0x00007ff80f8bc000 	/System/Library/PrivateFrameworks/caulk.framework/Versions/A/caulk
0x00007ff814978000 	/usr/lib/libAudioStatistics.dylib
0x00007ff90c66f000 	/System/Library/PrivateFrameworks/SystemPolicy.framework/Versions/A/SystemPolicy
0x00007ff814bd3000 	/usr/lib/libSMC.dylib
0x00007ff81daf2000 	/System/Library/Frameworks/CoreMIDI.framework/Versions/A/CoreMIDI
0x00007ff813753000 	/usr/lib/libAudioToolboxUtility.dylib
0x00007ff90889b000 	/System/Library/PrivateFrameworks/OSAServicesClient.framework/Versions/A/OSAServicesClient
0x00007ff815073000 	/usr/lib/libperfcheck.dylib
0x00007ff90d11c000 	/usr/lib/libmis.dylib
0x00007ffa1fc12000 	/System/Library/Frameworks/OpenGL.framework/Versions/A/Libraries/libGLU.dylib
0x00007ffa1fbd6000 	/System/Library/Frameworks/OpenGL.framework/Versions/A/Libraries/libGFXShared.dylib
0x00007ffa1fddf000 	/System/Library/Frameworks/OpenGL.framework/Versions/A/Libraries/libGL.dylib
0x00007ffa1fbdf000 	/System/Library/Frameworks/OpenGL.framework/Versions/A/Libraries/libGLImage.dylib
0x00007ffa1fbd3000 	/System/Library/Frameworks/OpenGL.framework/Versions/A/Libraries/libCVMSPluginSupport.dylib
0x00007ffa1fbbe000 	/System/Library/Frameworks/OpenGL.framework/Versions/A/Libraries/libCoreVMClient.dylib
0x00007ff810428000 	/System/Library/Frameworks/MetalPerformanceShaders.framework/Versions/A/Frameworks/MPSCore.framework/Versions/A/MPSCore
0x00007ff8117ea000 	/System/Library/Frameworks/MetalPerformanceShaders.framework/Versions/A/Frameworks/MPSImage.framework/Versions/A/MPSImage
0x00007ff811290000 	/System/Library/Frameworks/MetalPerformanceShaders.framework/Versions/A/Frameworks/MPSNeuralNetwork.framework/Versions/A/MPSNeuralNetwork
0x00007ff811704000 	/System/Library/Frameworks/MetalPerformanceShaders.framework/Versions/A/Frameworks/MPSMatrix.framework/Versions/A/MPSMatrix
0x00007ff8114bf000 	/System/Library/Frameworks/MetalPerformanceShaders.framework/Versions/A/Frameworks/MPSRayIntersector.framework/Versions/A/MPSRayIntersector
0x00007ff81173c000 	/System/Library/Frameworks/MetalPerformanceShaders.framework/Versions/A/Frameworks/MPSNDArray.framework/Versions/A/MPSNDArray
0x00007ffa25697000 	/System/Library/Frameworks/MetalPerformanceShaders.framework/Versions/A/Frameworks/MPSFunctions.framework/Versions/A/MPSFunctions
0x00007ff807578000 	/System/Library/PrivateFrameworks/MetalTools.framework/Versions/A/MetalTools
0x00007ff8104a4000 	/System/Library/PrivateFrameworks/AggregateDictionary.framework/Versions/A/AggregateDictionary
0x00007ff8125df000 	/usr/lib/libIOReport.dylib
0x00007ffa211ee000 	/System/Library/Frameworks/OpenCL.framework/Versions/A/OpenCL
0x00007ff812943000 	/System/Library/PrivateFrameworks/FaceCore.framework/Versions/A/FaceCore
0x00007ff812934000 	/System/Library/PrivateFrameworks/GraphVisualizer.framework/Versions/A/GraphVisualizer
0x00007ffb0cb99000 	/System/Library/PrivateFrameworks/FontServices.framework/Versions/A/FontServices
0x00007ff812d5d000 	/System/Library/PrivateFrameworks/OTSVG.framework/Versions/A/OTSVG
0x00007ff80e25e000 	/System/Library/Frameworks/ApplicationServices.framework/Versions/A/Frameworks/ATS.framework/Versions/A/Resources/libFontRegistry.dylib
0x00007ff812dad000 	/System/Library/PrivateFrameworks/FontServices.framework/libhvf.dylib
0x00007ffb0cb9a000 	/System/Library/PrivateFrameworks/FontServices.framework/libXTFontStaticRegistryData.dylib
0x00007ff8127ad000 	/System/Library/PrivateFrameworks/AppleVA.framework/Versions/A/AppleVA
0x00007ff814998000 	/System/Library/Frameworks/ApplicationServices.framework/Versions/A/Frameworks/ATS.framework/Versions/A/ATS
0x00007ff80c90b000 	/System/Library/Frameworks/ApplicationServices.framework/Versions/A/Frameworks/HIServices.framework/Versions/A/HIServices
0x00007ff8138a2000 	/System/Library/Frameworks/ApplicationServices.framework/Versions/A/Frameworks/PrintCore.framework/Versions/A/PrintCore
0x00007ff814d26000 	/System/Library/Frameworks/ApplicationServices.framework/Versions/A/Frameworks/QD.framework/Versions/A/QD
0x00007ff814d1e000 	/System/Library/Frameworks/ApplicationServices.framework/Versions/A/Frameworks/ColorSyncLegacy.framework/Versions/A/ColorSyncLegacy
0x00007ff814988000 	/System/Library/Frameworks/ApplicationServices.framework/Versions/A/Frameworks/SpeechSynthesis.framework/Versions/A/SpeechSynthesis
0x00007ff813863000 	/System/Library/Frameworks/ApplicationServices.framework/Versions/A/Frameworks/ATSUI.framework/Versions/A/ATSUI
0x00007ff814cb3000 	/usr/lib/libcups.2.dylib
0x00007ff815082000 	/System/Library/Frameworks/Kerberos.framework/Versions/A/Kerberos
0x00007ff815091000 	/System/Library/Frameworks/GSS.framework/Versions/A/GSS
0x00007ff814a04000 	/usr/lib/libresolv.9.dylib
0x00007ff812dbc000 	/System/Library/PrivateFrameworks/Heimdal.framework/Versions/A/Heimdal
0x00007ff81bc75000 	/System/Library/Frameworks/Kerberos.framework/Versions/A/Libraries/libHeimdalProxy.dylib
0x00007ff80d5c8000 	/System/Library/Frameworks/Network.framework/Versions/A/Network
0x00007ff812817000 	/usr/lib/libheimdal-asn1.dylib
0x00007ff8150dc000 	/System/Library/PrivateFrameworks/CommonAuth.framework/Versions/A/CommonAuth
0x00007ff81490a000 	/System/Library/PrivateFrameworks/AudioSession.framework/Versions/A/AudioSession
0x00007ff8128a7000 	/System/Library/PrivateFrameworks/MediaExperience.framework/Versions/A/MediaExperience
0x00007ff81479c000 	/System/Library/PrivateFrameworks/AudioSession.framework/libSessionUtility.dylib
0x00007ff814d32000 	/System/Library/PrivateFrameworks/AudioResourceArbitration.framework/Versions/A/AudioResourceArbitration
0x00007ff818db3000 	/System/Library/PrivateFrameworks/PowerLog.framework/Versions/A/PowerLog
0x00007ff812820000 	/System/Library/PrivateFrameworks/IconFoundation.framework/Versions/A/IconFoundation
0x00007ff817b69000 	/System/Library/PrivateFrameworks/SpeechRecognitionCore.framework/Versions/A/SpeechRecognitionCore
0x00007ffa11e37000 	/System/Library/CoreServices/Encodings/libKoreanConverter.dylib
0x000000010fa08000 	/Users/song-gihun/Library/Java/JavaVirtualMachines/corretto-1.8.0_342/Contents/Home/jre/lib/server/libjvm.dylib
0x000000010ec48000 	/Users/song-gihun/Library/Java/JavaVirtualMachines/corretto-1.8.0_342/Contents/Home/jre/lib/libverify.dylib
0x000000010eca6000 	/Users/song-gihun/Library/Java/JavaVirtualMachines/corretto-1.8.0_342/Contents/Home/jre/lib/libjava.dylib
0x000000010ed07000 	/Users/song-gihun/Library/Java/JavaVirtualMachines/corretto-1.8.0_342/Contents/Home/jre/lib/libzip.dylib
0x000000010f9e4000 	/Users/song-gihun/Library/Java/JavaVirtualMachines/corretto-1.8.0_342/Contents/Home/jre/lib/libnio.dylib
0x0000000113c6c000 	/Users/song-gihun/Library/Java/JavaVirtualMachines/corretto-1.8.0_342/Contents/Home/jre/lib/libnet.dylib
0x000000011421b000 	/Users/song-gihun/Library/Java/JavaVirtualMachines/corretto-1.8.0_342/Contents/Home/jre/lib/libmanagement.dylib
0x0000000114c7a000 	/Users/song-gihun/Library/Java/JavaVirtualMachines/corretto-1.8.0_342/Contents/Home/jre/lib/libsunec.dylib

VM Arguments:
jvm_args: -Xverify:none -XX:TieredStopAtLevel=1 -Dfile.encoding=UTF-8 -Duser.country=KR -Duser.language=ko -Duser.variant 
java_command: com.study.board.BoardApplication
java_class_path (initial): /Users/song-gihun/Documents/무제/board/build/classes/java/main:/Users/song-gihun/Documents/무제/board/build/resources/main:/Users/song-gihun/.gradle/caches/modules-2/files-2.1/org.springframework.boot/spring-boot-devtools/2.7.2/a59185396e6654c3fe0181bb4d4a083754c6214d/spring-boot-devtools-2.7.2.jar:/Users/song-gihun/.gradle/caches/modules-2/files-2.1/javax.servlet/jstl/1.2/74aca283cd4f4b4f3e425f5820cda58f44409547/jstl-1.2.jar:/Users/song-gihun/.gradle/caches/modules-2/files-2.1/org.apache.tomcat.embed/tomcat-embed-jasper/9.0.65/a46397b043df9beeed933dd8cfe3db3177db5579/tomcat-embed-jasper-9.0.65.jar:/Users/song-gihun/.gradle/caches/modules-2/files-2.1/mysql/mysql-connector-java/8.0.29/16bfffda393ac4fe56f0985f1f035b37d3fc48f/mysql-connector-java-8.0.29.jar:/Users/song-gihun/.gradle/caches/modules-2/files-2.1/org.springframework.boot/spring-boot-autoconfigure/2.7.2/f358e3f8ce01d3a26605fa23f9d3fd408726b033/spring-boot-autoconfigure-2.7.2.jar:/Users/song-gihun/.gradle/caches/modules-2/files-2.1/org.springframework.boot/spring-boot/2.7.2/a471deae9d806afa28ab888f75d46cff6e2f118c/spring-boot-2.7.2.jar:/Users/song-gihun/.gradle/caches/modules-2/files-2.1/org.springframework/spring-webmvc/5.3.22/519d86b7ac9b8b6bb54739eb4eb73dc13a263b28/spring-webmvc-5.3.22.jar:/Users/song-gihun/.gradle/caches/modules-2/files-2.1/org.springframework/spring-web/5.3.22/fdab9b8d8df2e6a8fb90f2481c361bcf2c129567/spring-web-5.3.22.jar:/Users/song-gihun/.gradle/caches/modules-2/files-2.1/org.apache.tomcat.embed/tomcat-embed-websocket/9.0.65/bd70dfeb39cc83c6934be24fa377b21e541dbe76/tomcat-embed-websocket-9.0.65.jar:/Users/song-gihun/.gradle/caches/modules-2/files-2.1/org.apache.tomcat.embed/tomcat-embed-core/9.0.65/a24c5f379b2ec343a167a83332b75c37f26b2ae7/tomcat-embed-core-9.0.65.jar:/Users/song-gihun/.gradle/caches/modules-2/files-2.1/org.apache.tomcat.embed/tomcat-embed-el/9.0.65/d278157387e59a5f9b48091dcada22b7c74aed00/tomcat-embed-el-9.0.65.jar:/Users/song-gihun/.g
Launcher Type: SUN_STANDARD

Environment Variables:
PATH=/usr/local/bin:/usr/bin:/bin:/usr/sbin:/sbin
SHELL=/bin/zsh

Signal Handlers:
SIGSEGV: [libjvm.dylib+0x577767], sa_mask[0]=11111111011111110111111111111111, sa_flags=SA_ONSTACK|SA_RESTART|SA_SIGINFO
SIGBUS: [libjvm.dylib+0x577767], sa_mask[0]=11111111011111110111111111111111, sa_flags=SA_RESTART|SA_SIGINFO
SIGFPE: [libjvm.dylib+0x47110b], sa_mask[0]=11111111011111110111111111111111, sa_flags=SA_RESTART|SA_SIGINFO
SIGPIPE: [libjvm.dylib+0x47110b], sa_mask[0]=11111111011111110111111111111111, sa_flags=SA_RESTART|SA_SIGINFO
SIGXFSZ: [libjvm.dylib+0x47110b], sa_mask[0]=11111111011111110111111111111111, sa_flags=SA_RESTART|SA_SIGINFO
SIGILL: [libjvm.dylib+0x47110b], sa_mask[0]=11111111011111110111111111111111, sa_flags=SA_RESTART|SA_SIGINFO
SIGUSR1: SIG_DFL, sa_mask[0]=00000000000000000000000000000000, sa_flags=none
SIGUSR2: [libjvm.dylib+0x4719ea], sa_mask[0]=00100000000000000000000000000000, sa_flags=SA_RESTART|SA_SIGINFO
SIGHUP: [libjvm.dylib+0x46fbb3], sa_mask[0]=11111111011111110111111111111111, sa_flags=SA_RESTART|SA_SIGINFO
SIGINT: [libjvm.dylib+0x46fbb3], sa_mask[0]=11111111011111110111111111111111, sa_flags=SA_RESTART|SA_SIGINFO
SIGTERM: [libjvm.dylib+0x46fbb3], sa_mask[0]=11111111011111110111111111111111, sa_flags=SA_RESTART|SA_SIGINFO
SIGQUIT: [libjvm.dylib+0x46fbb3], sa_mask[0]=11111111011111110111111111111111, sa_flags=SA_RESTART|SA_SIGINFO


---------------  S Y S T E M  ---------------

OS:Bsduname:Darwin 21.6.0 Darwin Kernel Version 21.6.0: Sat Jun 18 17:07:25 PDT 2022; root:xnu-8020.140.41~1/RELEASE_X86_64 x86_64
rlimit: STACK 8192k, CORE 0k, NPROC 2784, NOFILE 10240, AS infinity
load average:3.35 2.68 2.28

CPU:total 12 (initial active 12) (6 cores per cpu, 2 threads per core) family 6 model 158 stepping 10, cmov, cx8, fxsr, mmx, sse, sse2, sse3, ssse3, sse4.1, sse4.2, popcnt, avx, avx2, aes, clmul, erms, 3dnowpref, lzcnt, ht, tsc, tscinvbit, bmi1, bmi2, adx

Memory: 4k page, physical 16777216k(129408k free)

/proc/meminfo:


vm_info: OpenJDK 64-Bit Server VM (25.342-b07) for bsd-amd64 JRE (1.8.0_342-b07), built on Jul 15 2022 17:58:36 by "ec2-user" with gcc Apple LLVM 13.0.0 (clang-1300.0.29.30)

time: Sun Jul 31 03:00:43 2022
timezone: KST
elapsed time: 123.901761 seconds (0d 0h 2m 3s)

